Hydrant.obj : error LNK2019: unresolved external symbol __imp_glewInit referenced in function main
Hydrant.obj : error LNK2019: unresolved external symbol __imp_glutInitWindowPosition referenced in function main
Hydrant.obj : error LNK2019: unresolved external symbol __imp_glutInitWindowSize referenced in function main
Hydrant.obj : error LNK2019: unresolved external symbol __imp_glutInitDisplayMode referenced in function main
Hydrant.obj : error LNK2019: unresolved external symbol __imp_glutMainLoop referenced in function main
Hydrant.obj : error LNK2019: unresolved external symbol __imp_glutPostRedisplay referenced in function "void __cdecl animate(int)" (?animate@@YAXH@Z)
Hydrant.obj : error LNK2019: unresolved external symbol __imp_glutSwapBuffers referenced in function "void __cdecl drawScene(void)" (?drawScene@@YAXXZ)
Hydrant.obj : error LNK2019: unresolved external symbol __imp_glutTimerFunc referenced in function "void __cdecl animate(int)" (?animate@@YAXH@Z)
Hydrant.obj : error LNK2019: unresolved external symbol __imp_glutKeyboardFunc referenced in function main
Hydrant.obj : error LNK2019: unresolved external symbol __imp_glutSpecialFunc referenced in function main
Hydrant.obj : error LNK2019: unresolved external symbol __imp_glutReshapeFunc referenced in function main
Hydrant.obj : error LNK2019: unresolved external symbol __imp_glutDisplayFunc referenced in function main
Hydrant.obj : error LNK2019: unresolved external symbol __imp_glutSolidTorus referenced in function "void __cdecl drawHydrantCabinet(void)" (?drawHydrantCabinet@@YAXXZ)
Hydrant.obj : error LNK2019: unresolved external symbol __imp___glutInitWithExit referenced in function glutInit_ATEXIT_HACK
Hydrant.obj : error LNK2019: unresolved external symbol __imp___glutCreateWindowWithExit referenced in function glutCreateWindow_ATEXIT_HACK
Hydrant.obj : error LNK2019: unresolved external symbol __imp_glutInitContextVersion referenced in function main
Hydrant.obj : error LNK2019: unresolved external symbol __imp_glutInitContextProfile referenced in function main
Hydrant.obj : error LNK2019: unresolved external symbol __imp_glewExperimental referenced in function main
C:\OpenGLwrappers\glew-1.10.0-win32\glew-1.10.0\lib\Release\Win32\glew32.lib : warning LNK4272: library machine type 'x86' conflicts with target machine type 'x64'
C:\OpenGLwrappers\freeglut-MSVC-2.8.1-1.mp\freeglut\lib\freeglut.lib : warning LNK4272: library machine type 'x86' conflicts with target machine type 'x64'
D:\tugas kuliah\tugas smt 3\Workshop Grafika Komputer\Hydrant-Group-Project\x64\Debug\Group_Project.exe : fatal error LNK1120: 18 unresolved externals
