  Hydrant.cpp
D:\tugas kuliah\tugas smt 3\Workshop Grafika Komputer\Hydrant-Group-Project\Group_Project\Hydrant.cpp(74,25): warning C4305: 'argument': truncation from 'double' to 'GLfloat'
D:\tugas kuliah\tugas smt 3\Workshop Grafika Komputer\Hydrant-Group-Project\Group_Project\Hydrant.cpp(74,20): warning C4305: 'argument': truncation from 'double' to 'GLfloat'
D:\tugas kuliah\tugas smt 3\Workshop Grafika Komputer\Hydrant-Group-Project\Group_Project\Hydrant.cpp(74,15): warning C4305: 'argument': truncation from 'double' to 'GLfloat'
D:\tugas kuliah\tugas smt 3\Workshop Grafika Komputer\Hydrant-Group-Project\Group_Project\Hydrant.cpp(81,25): warning C4305: 'argument': truncation from 'double' to 'GLfloat'
D:\tugas kuliah\tugas smt 3\Workshop Grafika Komputer\Hydrant-Group-Project\Group_Project\Hydrant.cpp(81,20): warning C4305: 'argument': truncation from 'double' to 'GLfloat'
D:\tugas kuliah\tugas smt 3\Workshop Grafika Komputer\Hydrant-Group-Project\Group_Project\Hydrant.cpp(81,15): warning C4305: 'argument': truncation from 'double' to 'GLfloat'
D:\tugas kuliah\tugas smt 3\Workshop Grafika Komputer\Hydrant-Group-Project\Group_Project\Hydrant.cpp(83,24): warning C4305: 'argument': truncation from 'double' to 'GLfloat'
D:\tugas kuliah\tugas smt 3\Workshop Grafika Komputer\Hydrant-Group-Project\Group_Project\Hydrant.cpp(96,25): warning C4305: 'argument': truncation from 'double' to 'GLfloat'
D:\tugas kuliah\tugas smt 3\Workshop Grafika Komputer\Hydrant-Group-Project\Group_Project\Hydrant.cpp(96,20): warning C4305: 'argument': truncation from 'double' to 'GLfloat'
D:\tugas kuliah\tugas smt 3\Workshop Grafika Komputer\Hydrant-Group-Project\Group_Project\Hydrant.cpp(96,15): warning C4305: 'argument': truncation from 'double' to 'GLfloat'
D:\tugas kuliah\tugas smt 3\Workshop Grafika Komputer\Hydrant-Group-Project\Group_Project\Hydrant.cpp(103,25): warning C4305: 'argument': truncation from 'double' to 'GLfloat'
D:\tugas kuliah\tugas smt 3\Workshop Grafika Komputer\Hydrant-Group-Project\Group_Project\Hydrant.cpp(103,20): warning C4305: 'argument': truncation from 'double' to 'GLfloat'
D:\tugas kuliah\tugas smt 3\Workshop Grafika Komputer\Hydrant-Group-Project\Group_Project\Hydrant.cpp(103,15): warning C4305: 'argument': truncation from 'double' to 'GLfloat'
D:\tugas kuliah\tugas smt 3\Workshop Grafika Komputer\Hydrant-Group-Project\Group_Project\Hydrant.cpp(104,28): warning C4305: 'argument': truncation from 'double' to 'GLfloat'
D:\tugas kuliah\tugas smt 3\Workshop Grafika Komputer\Hydrant-Group-Project\Group_Project\Hydrant.cpp(113,25): warning C4305: 'argument': truncation from 'double' to 'GLfloat'
D:\tugas kuliah\tugas smt 3\Workshop Grafika Komputer\Hydrant-Group-Project\Group_Project\Hydrant.cpp(113,20): warning C4305: 'argument': truncation from 'double' to 'GLfloat'
D:\tugas kuliah\tugas smt 3\Workshop Grafika Komputer\Hydrant-Group-Project\Group_Project\Hydrant.cpp(113,15): warning C4305: 'argument': truncation from 'double' to 'GLfloat'
D:\tugas kuliah\tugas smt 3\Workshop Grafika Komputer\Hydrant-Group-Project\Group_Project\Hydrant.cpp(119,41): warning C4244: 'argument': conversion from 'double' to 'GLfloat', possible loss of data
D:\tugas kuliah\tugas smt 3\Workshop Grafika Komputer\Hydrant-Group-Project\Group_Project\Hydrant.cpp(119,28): warning C4244: 'argument': conversion from 'double' to 'GLfloat', possible loss of data
D:\tugas kuliah\tugas smt 3\Workshop Grafika Komputer\Hydrant-Group-Project\Group_Project\Hydrant.cpp(149,26): warning C4305: 'argument': truncation from 'double' to 'GLfloat'
D:\tugas kuliah\tugas smt 3\Workshop Grafika Komputer\Hydrant-Group-Project\Group_Project\Hydrant.cpp(149,20): warning C4305: 'argument': truncation from 'double' to 'GLfloat'
D:\tugas kuliah\tugas smt 3\Workshop Grafika Komputer\Hydrant-Group-Project\Group_Project\Hydrant.cpp(149,15): warning C4305: 'argument': truncation from 'double' to 'GLfloat'
D:\tugas kuliah\tugas smt 3\Workshop Grafika Komputer\Hydrant-Group-Project\Group_Project\Hydrant.cpp(166,34): warning C4305: 'argument': truncation from 'double' to 'float'
D:\tugas kuliah\tugas smt 3\Workshop Grafika Komputer\Hydrant-Group-Project\Group_Project\Hydrant.cpp(175,27): warning C4305: 'argument': truncation from 'double' to 'GLfloat'
D:\tugas kuliah\tugas smt 3\Workshop Grafika Komputer\Hydrant-Group-Project\Group_Project\Hydrant.cpp(175,21): warning C4305: 'argument': truncation from 'double' to 'GLfloat'
D:\tugas kuliah\tugas smt 3\Workshop Grafika Komputer\Hydrant-Group-Project\Group_Project\Hydrant.cpp(175,15): warning C4305: 'argument': truncation from 'double' to 'GLfloat'
D:\tugas kuliah\tugas smt 3\Workshop Grafika Komputer\Hydrant-Group-Project\Group_Project\Hydrant.cpp(177,28): warning C4305: 'argument': truncation from 'double' to 'GLfloat'
D:\tugas kuliah\tugas smt 3\Workshop Grafika Komputer\Hydrant-Group-Project\Group_Project\Hydrant.cpp(182,25): warning C4305: 'argument': truncation from 'double' to 'GLfloat'
D:\tugas kuliah\tugas smt 3\Workshop Grafika Komputer\Hydrant-Group-Project\Group_Project\Hydrant.cpp(182,20): warning C4305: 'argument': truncation from 'double' to 'GLfloat'
D:\tugas kuliah\tugas smt 3\Workshop Grafika Komputer\Hydrant-Group-Project\Group_Project\Hydrant.cpp(182,15): warning C4305: 'argument': truncation from 'double' to 'GLfloat'
D:\tugas kuliah\tugas smt 3\Workshop Grafika Komputer\Hydrant-Group-Project\Group_Project\Hydrant.cpp(184,30): warning C4305: 'argument': truncation from 'double' to 'GLfloat'
D:\tugas kuliah\tugas smt 3\Workshop Grafika Komputer\Hydrant-Group-Project\Group_Project\Hydrant.cpp(200,26): warning C4305: 'argument': truncation from 'double' to 'GLfloat'
D:\tugas kuliah\tugas smt 3\Workshop Grafika Komputer\Hydrant-Group-Project\Group_Project\Hydrant.cpp(200,20): warning C4305: 'argument': truncation from 'double' to 'GLfloat'
D:\tugas kuliah\tugas smt 3\Workshop Grafika Komputer\Hydrant-Group-Project\Group_Project\Hydrant.cpp(200,15): warning C4305: 'argument': truncation from 'double' to 'GLfloat'
D:\tugas kuliah\tugas smt 3\Workshop Grafika Komputer\Hydrant-Group-Project\Group_Project\Hydrant.cpp(226,25): warning C4305: 'argument': truncation from 'double' to 'GLfloat'
D:\tugas kuliah\tugas smt 3\Workshop Grafika Komputer\Hydrant-Group-Project\Group_Project\Hydrant.cpp(226,20): warning C4305: 'argument': truncation from 'double' to 'GLfloat'
D:\tugas kuliah\tugas smt 3\Workshop Grafika Komputer\Hydrant-Group-Project\Group_Project\Hydrant.cpp(226,15): warning C4305: 'argument': truncation from 'double' to 'GLfloat'
D:\tugas kuliah\tugas smt 3\Workshop Grafika Komputer\Hydrant-Group-Project\Group_Project\Hydrant.cpp(281,34): warning C4305: 'initializing': truncation from 'double' to 'GLfloat'
D:\tugas kuliah\tugas smt 3\Workshop Grafika Komputer\Hydrant-Group-Project\Group_Project\Hydrant.cpp(281,39): warning C4305: 'initializing': truncation from 'double' to 'GLfloat'
D:\tugas kuliah\tugas smt 3\Workshop Grafika Komputer\Hydrant-Group-Project\Group_Project\Hydrant.cpp(281,44): warning C4305: 'initializing': truncation from 'double' to 'GLfloat'
D:\tugas kuliah\tugas smt 3\Workshop Grafika Komputer\Hydrant-Group-Project\Group_Project\Hydrant.cpp(282,34): warning C4305: 'initializing': truncation from 'double' to 'GLfloat'
D:\tugas kuliah\tugas smt 3\Workshop Grafika Komputer\Hydrant-Group-Project\Group_Project\Hydrant.cpp(282,39): warning C4305: 'initializing': truncation from 'double' to 'GLfloat'
D:\tugas kuliah\tugas smt 3\Workshop Grafika Komputer\Hydrant-Group-Project\Group_Project\Hydrant.cpp(282,44): warning C4305: 'initializing': truncation from 'double' to 'GLfloat'
D:\tugas kuliah\tugas smt 3\Workshop Grafika Komputer\Hydrant-Group-Project\Group_Project\Hydrant.cpp(292,34): warning C4305: 'initializing': truncation from 'double' to 'GLfloat'
D:\tugas kuliah\tugas smt 3\Workshop Grafika Komputer\Hydrant-Group-Project\Group_Project\Hydrant.cpp(292,39): warning C4305: 'initializing': truncation from 'double' to 'GLfloat'
D:\tugas kuliah\tugas smt 3\Workshop Grafika Komputer\Hydrant-Group-Project\Group_Project\Hydrant.cpp(292,44): warning C4305: 'initializing': truncation from 'double' to 'GLfloat'
D:\tugas kuliah\tugas smt 3\Workshop Grafika Komputer\Hydrant-Group-Project\Group_Project\Hydrant.cpp(293,34): warning C4305: 'initializing': truncation from 'double' to 'GLfloat'
D:\tugas kuliah\tugas smt 3\Workshop Grafika Komputer\Hydrant-Group-Project\Group_Project\Hydrant.cpp(293,39): warning C4305: 'initializing': truncation from 'double' to 'GLfloat'
D:\tugas kuliah\tugas smt 3\Workshop Grafika Komputer\Hydrant-Group-Project\Group_Project\Hydrant.cpp(293,44): warning C4305: 'initializing': truncation from 'double' to 'GLfloat'
D:\tugas kuliah\tugas smt 3\Workshop Grafika Komputer\Hydrant-Group-Project\Group_Project\Hydrant.cpp(313,28): warning C4305: 'argument': truncation from 'double' to 'GLclampf'
D:\tugas kuliah\tugas smt 3\Workshop Grafika Komputer\Hydrant-Group-Project\Group_Project\Hydrant.cpp(313,23): warning C4305: 'argument': truncation from 'double' to 'GLclampf'
D:\tugas kuliah\tugas smt 3\Workshop Grafika Komputer\Hydrant-Group-Project\Group_Project\Hydrant.cpp(313,18): warning C4305: 'argument': truncation from 'double' to 'GLclampf'
  Group_Project.vcxproj -> D:\tugas kuliah\tugas smt 3\Workshop Grafika Komputer\Hydrant-Group-Project\Debug\Group_Project.exe
